app/build/intermediates/manifest_merge_blame_file/debug/manifest-merger-blame-debug-report.txt
1<?xml version="1.0" encoding="utf-8"?>
2<manifest xmlns:android="http://schemas.android.com/apk/res/android"
3    package="com.example.fa_raviradadiya_0836175_android"
4    android:versionCode="1"
5    android:versionName="1.0" >
6
7    <uses-sdk
8        android:minSdkVersion="21"
8-->src/main/AndroidManifest.xml
9        android:targetSdkVersion="32" />
9-->src/main/AndroidManifest.xml
10
11    <uses-permission android:name="android.permission.WRITE_EXTERNAL_STORAGE" />
11-->src/main/AndroidManifest.xml:5:5-80
11-->src/main/AndroidManifest.xml:5:22-78
12    <uses-permission android:name="android.permission.ACCESS_COARSE_LOCATION" />
12-->src/main/AndroidManifest.xml:7:5-8:67
12-->src/main/AndroidManifest.xml:8:9-65
13    <uses-permission android:name="android.permission.ACCESS_FINE_LOCATION" />
13-->src/main/AndroidManifest.xml:9:5-78
13-->src/main/AndroidManifest.xml:9:22-76
14
15    <!-- Include required permissions for Google Maps API to run. -->
16    <uses-permission android:name="android.permission.ACCESS_NETWORK_STATE" />
16-->[com.google.android.gms:play-services-maps:18.0.2] AndroidManifest.xml:23:5-79
16-->[com.google.android.gms:play-services-maps:18.0.2] AndroidManifest.xml:23:22-76
17    <uses-permission android:name="android.permission.INTERNET" />
17-->[com.google.android.gms:play-services-maps:18.0.2] AndroidManifest.xml:24:5-67
17-->[com.google.android.gms:play-services-maps:18.0.2] AndroidManifest.xml:24:22-64
18
19    <uses-feature
19-->[com.google.android.gms:play-services-maps:18.0.2] AndroidManifest.xml:26:5-28:35
20        android:glEsVersion="0x00020000"
20-->[com.google.android.gms:play-services-maps:18.0.2] AndroidManifest.xml:27:9-41
21        android:required="true" />
21-->[com.google.android.gms:play-services-maps:18.0.2] AndroidManifest.xml:28:9-32
22
23    <queries>
23-->[com.google.android.gms:play-services-maps:18.0.2] AndroidManifest.xml:30:5-34:15
24
25        <!-- Needs to be explicitly declared on Android R+ -->
26        <package android:name="com.google.android.apps.maps" />
26-->[com.google.android.gms:play-services-maps:18.0.2] AndroidManifest.xml:33:9-64
26-->[com.google.android.gms:play-services-maps:18.0.2] AndroidManifest.xml:33:18-61
27    </queries>
28
29    <application
29-->src/main/AndroidManifest.xml:11:5-45:19
30        android:allowBackup="true"
30-->src/main/AndroidManifest.xml:12:9-35
31        android:appComponentFactory="androidx.core.app.CoreComponentFactory"
31-->[androidx.core:core:1.7.0] AndroidManifest.xml:24:18-86
32        android:debuggable="true"
33        android:icon="@mipmap/ic_launcher"
33-->src/main/AndroidManifest.xml:13:9-43
34        android:label="@string/app_name"
34-->src/main/AndroidManifest.xml:14:9-41
35        android:roundIcon="@mipmap/ic_launcher_round"
35-->src/main/AndroidManifest.xml:15:9-54
36        android:supportsRtl="true"
36-->src/main/AndroidManifest.xml:16:9-35
37        android:testOnly="true"
38        android:theme="@style/Theme.FA_RaviRadadiya_0836175_android" >
38-->src/main/AndroidManifest.xml:17:9-69
39
40        <!--
41             TODO: Before you run your application, you need a Google Maps API key.
42
43             To get one, follow the directions here:
44
45                https://developers.google.com/maps/documentation/android-sdk/get-api-key
46
47             Once you have your API key (it starts with "AIza"), define a new property in your
48             project's local.properties file (e.g. MAPS_API_KEY=Aiza...), and replace the
49             "YOUR_API_KEY" string in this file with "${MAPS_API_KEY}".
50        -->
51        <meta-data
51-->src/main/AndroidManifest.xml:30:9-32:71
52            android:name="com.google.android.geo.API_KEY"
52-->src/main/AndroidManifest.xml:31:13-58
53            android:value="AIzaSyCQpKBvKrOcCIfDT2kkVw3e06C3eVopxpQ" />
53-->src/main/AndroidManifest.xml:32:13-68
54
55        <activity
55-->src/main/AndroidManifest.xml:34:9-44:20
56            android:name="com.example.fa_raviradadiya_0836175_android.MainActivity"
56-->src/main/AndroidManifest.xml:35:13-41
57            android:exported="true"
57-->src/main/AndroidManifest.xml:36:13-36
58            android:label="@string/app_name"
58-->src/main/AndroidManifest.xml:37:13-45
59            android:theme="@style/Theme.FA_RaviRadadiya_0836175_android.NoActionBar" >
59-->src/main/AndroidManifest.xml:38:13-85
60            <intent-filter>
60-->src/main/AndroidManifest.xml:39:13-43:29
61                <action android:name="android.intent.action.MAIN" />
61-->src/main/AndroidManifest.xml:40:17-69
61-->src/main/AndroidManifest.xml:40:25-66
62
63                <category android:name="android.intent.category.LAUNCHER" />
63-->src/main/AndroidManifest.xml:42:17-77
63-->src/main/AndroidManifest.xml:42:27-74
64            </intent-filter>
65        </activity>
66        <!-- Needs to be explicitly declared on P+ -->
67        <uses-library
67-->[com.google.android.gms:play-services-maps:18.0.2] AndroidManifest.xml:39:9-41:40
68            android:name="org.apache.http.legacy"
68-->[com.google.android.gms:play-services-maps:18.0.2] AndroidManifest.xml:40:13-50
69            android:required="false" />
69-->[com.google.android.gms:play-services-maps:18.0.2] AndroidManifest.xml:41:13-37
70
71        <activity
71-->[com.google.android.gms:play-services-base:18.0.1] AndroidManifest.xml:20:9-22:45
72            android:name="com.google.android.gms.common.api.GoogleApiActivity"
72-->[com.google.android.gms:play-services-base:18.0.1] AndroidManifest.xml:20:19-85
73            android:exported="false"
73-->[com.google.android.gms:play-services-base:18.0.1] AndroidManifest.xml:22:19-43
74            android:theme="@android:style/Theme.Translucent.NoTitleBar" />
74-->[com.google.android.gms:play-services-base:18.0.1] AndroidManifest.xml:21:19-78
75
76        <meta-data
76-->[com.google.android.gms:play-services-basement:18.0.0] AndroidManifest.xml:21:9-23:69
77            android:name="com.google.android.gms.version"
77-->[com.google.android.gms:play-services-basement:18.0.0] AndroidManifest.xml:22:13-58
78            android:value="@integer/google_play_services_version" />
78-->[com.google.android.gms:play-services-basement:18.0.0] AndroidManifest.xml:23:13-66
79
80        <provider
80-->[androidx.emoji2:emoji2:1.0.0] AndroidManifest.xml:26:9-34:20
81            android:name="androidx.startup.InitializationProvider"
81-->[androidx.emoji2:emoji2:1.0.0] AndroidManifest.xml:27:13-67
82            android:authorities="com.example.fa_raviradadiya_0836175_android.androidx-startup"
82-->[androidx.emoji2:emoji2:1.0.0] AndroidManifest.xml:28:13-68
83            android:exported="false" >
83-->[androidx.emoji2:emoji2:1.0.0] AndroidManifest.xml:29:13-37
84            <meta-data
84-->[androidx.emoji2:emoji2:1.0.0] AndroidManifest.xml:31:13-33:52
85                android:name="androidx.emoji2.text.EmojiCompatInitializer"
85-->[androidx.emoji2:emoji2:1.0.0] AndroidManifest.xml:32:17-75
86                android:value="androidx.startup" />
86-->[androidx.emoji2:emoji2:1.0.0] AndroidManifest.xml:33:17-49
87            <meta-data
87-->[androidx.lifecycle:lifecycle-process:2.4.0] AndroidManifest.xml:31:13-33:52
88                android:name="androidx.lifecycle.ProcessLifecycleInitializer"
88-->[androidx.lifecycle:lifecycle-process:2.4.0] AndroidManifest.xml:32:17-78
89                android:value="androidx.startup" />
89-->[androidx.lifecycle:lifecycle-process:2.4.0] AndroidManifest.xml:33:17-49
90        </provider>
91    </application>
92
93</manifest>